<?xml version="1.0" encoding="UTF-8"?>
<testng-results skipped="0" failed="0" ignored="0" total="1" passed="1">
  <reporter-output>
  </reporter-output>
  <suite name="Default suite" duration-ms="163598" started-at="2019-08-01T05:21:13Z" finished-at="2019-08-01T05:23:56Z">
    <groups>
    </groups>
    <test name="Default test" duration-ms="163598" started-at="2019-08-01T05:21:13Z" finished-at="2019-08-01T05:23:56Z">
      <class name="TestCases.PatientEMRTest">
        <test-method status="PASS" signature="setUp()[pri:0, instance:TestCases.PatientEMRTest@53b32d7]" name="setUp" is-config="true" duration-ms="7242" started-at="2019-08-01T05:21:13Z" finished-at="2019-08-01T05:21:20Z">
          <reporter-output>
          </reporter-output>
        </test-method> <!-- setUp -->
        <test-method status="PASS" signature="test(java.lang.String)[pri:1, instance:TestCases.PatientEMRTest@53b32d7]" name="test" duration-ms="156314" started-at="2019-08-01T05:21:20Z" data-provider="MrNoProvider" finished-at="2019-08-01T05:23:56Z">
          <params>
            <param index="0">
              <value>
                <![CDATA[UA1300000107979]]>
              </value>
            </param>
          </params>
          <reporter-output>
          </reporter-output>
        </test-method> <!-- test -->
      </class> <!-- TestCases.PatientEMRTest -->
    </test> <!-- Default test -->
  </suite> <!-- Default suite -->
</testng-results>
